<?xml version="1.0" encoding="UTF-8"?>
<testsuite xmlns:xsi="http://www.w3.org/2001/XMLSchema-instance" xsi:noNamespaceSchemaLocation="https://maven.apache.org/surefire/maven-surefire-plugin/xsd/surefire-test-report-3.0.xsd" version="3.0" name="TestSuite" time="11.021" tests="1" errors="0" skipped="0" failures="0">
  <properties>
[...]
</properties>
  <testcase name="sendreport" classname="Version1.Jira_API.RunnerClass" time="10.48">
    <system-out><![CDATA[2022-11-30
2022-12-05
Issue count in Backlog is 5
Issue count in Dev In Progress is 0
Issue count in Review is 9
Issue count in To QA is 0
Issue count in QA In Progress is 0
Issue count in Released is 0
Issue count in Critical is 1
Issue count in High is 2
Issue count in Moderate is 9
Issue count in Low is 2
Issue count in Lowest is 0
Mail Send Succesfully
]]></system-out>
  </testcase>
</testsuite>