<?xml version="1.0" encoding="UTF-8"?>
<testng-results ignored="0" total="1" passed="1" failed="0" skipped="0">
  <reporter-output>
  </reporter-output>
  <suite started-at="2022-12-05T04:25:08Z" name="Suite" finished-at="2022-12-05T04:25:19Z" duration-ms="10514">
    <groups>
    </groups>
    <test started-at="2022-12-05T04:25:08Z" name="Test" finished-at="2022-12-05T04:25:19Z" duration-ms="10514">
      <class name="Version1.Jira_API.RunnerClass">
        <test-method signature="sendreport()[pri:0, instance:Version1.Jira_API.RunnerClass@5939a379]" started-at="2022-12-05T04:25:08Z" name="sendreport" finished-at="2022-12-05T04:25:19Z" duration-ms="10478" status="PASS">
          <reporter-output>
          </reporter-output>
        </test-method> <!-- sendreport -->
      </class> <!-- Version1.Jira_API.RunnerClass -->
    </test> <!-- Test -->
  </suite> <!-- Suite -->
</testng-results>
