<?xml version="1.0" encoding="UTF-8"?>
<testng-results skipped="0" failed="0" ignored="0" total="1" passed="1">
  <reporter-output>
  </reporter-output>
  <suite name="Default suite" duration-ms="12140" started-at="2022-12-30T09:17:52Z" finished-at="2022-12-30T09:18:04Z">
    <groups>
    </groups>
    <test name="Default test" duration-ms="12140" started-at="2022-12-30T09:17:52Z" finished-at="2022-12-30T09:18:04Z">
      <class name="Version1.Jira_API.RunnerClass">
        <test-method status="PASS" signature="sendreport()[pri:0, instance:Version1.Jira_API.RunnerClass@65e2dbf3]" name="sendreport" duration-ms="12101" started-at="2022-12-30T09:17:52Z" finished-at="2022-12-30T09:18:04Z">
          <reporter-output>
          </reporter-output>
        </test-method> <!-- sendreport -->
      </class> <!-- Version1.Jira_API.RunnerClass -->
    </test> <!-- Default test -->
  </suite> <!-- Default suite -->
</testng-results>
